<?xml version="1.0" encoding="UTF-8"?>
<!-- Generated by org.testng.reporters.JUnitXMLReporter -->
<testsuite ignored="1" hostname="LAPTOP-QUMG6PNP" failures="1" tests="5" name="Test11" time="0.077" errors="0" timestamp="2023-01-30T21:09:37 IST">
  <testcase classname="TestNg.Test1" name="test12" time="0.009"/>
  <testcase classname="TestNg.Test1" name="test13" time="0.001"/>
  <testcase classname="TestNg.Test2" name="test21" time="0.006">
    <failure type="java.lang.AssertionError" message="expected [true] but found [false]">
      <![CDATA[java.lang.AssertionError: expected [true] but found [false]
at TestNg.Test2.test21(Test2.java:12)
at java.base/java.util.ArrayList.forEach(ArrayList.java:1511)
... Removed 31 stack frames]]>
    </failure>
  </testcase> <!-- test21 -->
  <testcase classname="TestNg.Test2" name="test22" time="0.001"/>
  <testcase classname="TestNg.Test2" name="test23" time="0.002"/>
  <testcase classname="TestNg.Test1" name="test11" time="0.0">
    <ignored/>
  </testcase> <!-- test11 -->
</testsuite> <!-- Test11 -->
