<?xml version="1.0" encoding="UTF-8"?>
<!-- Generated by org.testng.reporters.JUnitXMLReporter -->
<testsuite ignored="0" hostname="LAPTOP-QUMG6PNP" failures="1" tests="7" name="Test" time="0.07" errors="0" timestamp="2023-02-01T20:47:15 IST">
  <testcase classname="TestNg.Test1" name="test11" time="0.005"/>
  <testcase classname="TestNg.Test1" name="test12" time="0.002"/>
  <testcase classname="TestNg.Test1" name="test13" time="0.002"/>
  <testcase classname="TestNg.Test2" name="test21" time="0.004">
    <failure type="java.lang.AssertionError" message="expected [true] but found [false]">
      <![CDATA[java.lang.AssertionError: expected [true] but found [false]
at TestNg.Test2.test21(Test2.java:15)
at java.base/java.util.ArrayList.forEach(ArrayList.java:1511)
... Removed 31 stack frames]]>
    </failure>
  </testcase> <!-- test21 -->
  <testcase classname="TestNg.Test2" name="test22" time="0.001"/>
  <testcase classname="TestNg.Test2" name="test23" time="0.001"/>
  <testcase classname="TestNg.Test3" name="test31" time="0.002"/>
</testsuite> <!-- Test -->
